{
  "stats": {
    "suites": 1,
    "tests": 3,
    "passes": 3,
    "pending": 0,
    "failures": 0,
    "start": "2024-08-16T20:08:01.671Z",
    "end": "2024-08-16T20:08:27.844Z",
    "duration": 26173,
    "testsRegistered": 3,
    "passPercent": 100,
    "pendingPercent": 0,
    "other": 0,
    "hasOther": false,
    "skipped": 0,
    "hasSkipped": false
  },
  "results": [
    {
      "uuid": "b64728a6-ccab-4b7c-8a60-eae7140ab192",
      "title": "",
      "fullFile": "cypress\\integration\\amazon_spec.js",
      "file": "cypress\\integration\\amazon_spec.js",
      "beforeHooks": [],
      "afterHooks": [],
      "tests": [],
      "suites": [
        {
          "uuid": "03a1183f-7910-4af1-bd02-2e48deb594fd",
          "title": "Amazon Ecommerce Tests",
          "fullFile": "",
          "file": "",
          "beforeHooks": [],
          "afterHooks": [],
          "tests": [
            {
              "title": "Should search for a product and display relevant results",
              "fullTitle": "Amazon Ecommerce Tests Should search for a product and display relevant results",
              "timedOut": null,
              "duration": 7060,
              "state": "passed",
              "speed": "medium",
              "pass": true,
              "fail": false,
              "pending": false,
              "context": null,
              "code": "// utilizo `visitAndCheck` para asegura que se acceda al dominio correcto, debido a redirecciones dinámicas por geolocalización de Amazon.\ncy.visitAndCheck('/', '#twotabsearchtextbox');\ncy.get('#twotabsearchtextbox').type('Laptop{enter}');\ncy.url().should('include', 'k=Laptop');\ncy.get('.s-main-slot').should('contain', 'Laptop');",
              "err": {},
              "uuid": "c33e18c6-7f47-44c2-a99e-9809a53dc91a",
              "parentUUID": "03a1183f-7910-4af1-bd02-2e48deb594fd",
              "isHook": false,
              "skipped": false
            },
            {
              "title": "Should sort search results by price from high to low",
              "fullTitle": "Amazon Ecommerce Tests Should sort search results by price from high to low",
              "timedOut": null,
              "duration": 4167,
              "state": "passed",
              "speed": "fast",
              "pass": true,
              "fail": false,
              "pending": false,
              "context": null,
              "code": "// Utilizo `visitAndCheck` para asegura que se acceda al dominio correcto, debido a redirecciones dinámicas por geolocalización de Amazon.\ncy.visitAndCheck('https://www.amazon.com/s?k=Laptop', '.a-dropdown-prompt');\ncy.get('.a-dropdown-prompt').click();\ncy.get('.a-dropdown-item').contains('Price: High to Low').click();\n// Verificar que la URL se actualiza correctamente para reflejar el orden de precio de mayor a menor\ncy.url().should('include', 's=price-desc-rank');",
              "err": {},
              "uuid": "e7fca646-0955-405b-943b-1e2a343bde99",
              "parentUUID": "03a1183f-7910-4af1-bd02-2e48deb594fd",
              "isHook": false,
              "skipped": false
            },
            {
              "title": "Should add a product to the cart",
              "fullTitle": "Amazon Ecommerce Tests Should add a product to the cart",
              "timedOut": null,
              "duration": 14511,
              "state": "passed",
              "speed": "slow",
              "pass": true,
              "fail": false,
              "pending": false,
              "context": null,
              "code": "// Utilizo `visitAndCheck` para asegura que se acceda al dominio correcto, debido a redirecciones dinámicas por geolocalización de Amazon.\ncy.visitAndCheck('https://www.amazon.com/s?k=Laptop', '.s-main-slot .s-result-item[data-component-type=\"s-search-result\"]');\n// Seleccionar el primer producto\ncy.get('.s-main-slot .s-result-item[data-component-type=\"s-search-result\"]').first().find('h2 a').click();\ncy.get('#add-to-cart-button').click();\ncy.get('#nav-cart-count').should('contain', '1');",
              "err": {},
              "uuid": "82e49f1b-eb78-433e-8958-dff9b2dac823",
              "parentUUID": "03a1183f-7910-4af1-bd02-2e48deb594fd",
              "isHook": false,
              "skipped": false
            }
          ],
          "suites": [],
          "passes": [
            "c33e18c6-7f47-44c2-a99e-9809a53dc91a",
            "e7fca646-0955-405b-943b-1e2a343bde99",
            "82e49f1b-eb78-433e-8958-dff9b2dac823"
          ],
          "failures": [],
          "pending": [],
          "skipped": [],
          "duration": 25738,
          "root": false,
          "rootEmpty": false,
          "_timeout": 2000
        }
      ],
      "passes": [],
      "failures": [],
      "pending": [],
      "skipped": [],
      "duration": 0,
      "root": true,
      "rootEmpty": true,
      "_timeout": 2000
    }
  ],
  "meta": {
    "mocha": {
      "version": "7.0.1"
    },
    "mochawesome": {
      "options": {
        "quiet": false,
        "reportFilename": "report",
        "saveHtml": true,
        "saveJson": true,
        "consoleReporter": "spec",
        "useInlineDiffs": false,
        "code": true
      },
      "version": "7.1.3"
    },
    "marge": {
      "options": {
        "reportDir": "cypress/reports",
        "reportFilename": "report",
        "timestamp": "yyyy-mm-dd-HH-MM-ss"
      },
      "version": "6.2.0"
    }
  }
}