{
  "stats": {
    "suites": 1,
    "tests": 3,
    "passes": 2,
    "pending": 0,
    "failures": 1,
    "start": "2024-08-16T20:08:29.445Z",
    "end": "2024-08-16T20:08:50.923Z",
    "duration": 21478,
    "testsRegistered": 3,
    "passPercent": 66.66666666666666,
    "pendingPercent": 0,
    "other": 0,
    "hasOther": false,
    "skipped": 0,
    "hasSkipped": false
  },
  "results": [
    {
      "uuid": "cc9a82aa-f3a7-472c-a704-2d2f240313df",
      "title": "",
      "fullFile": "cypress\\integration\\mobile_tests.spec.js",
      "file": "cypress\\integration\\mobile_tests.spec.js",
      "beforeHooks": [],
      "afterHooks": [],
      "tests": [],
      "suites": [
        {
          "uuid": "3f1edad5-0f3f-46f0-9c3c-8d25b24ea916",
          "title": "Mobile E-commerce Tests",
          "fullFile": "",
          "file": "",
          "beforeHooks": [],
          "afterHooks": [],
          "tests": [
            {
              "title": "Should display the mobile navigation bar and open menu",
              "fullTitle": "Mobile E-commerce Tests Should display the mobile navigation bar and open menu",
              "timedOut": null,
              "duration": 3631,
              "state": "passed",
              "speed": "fast",
              "pass": true,
              "fail": false,
              "pending": false,
              "context": null,
              "code": "cy.visitAndCheck('/', '#nav-hamburger-menu');\ncy.get('#nav-hamburger-menu').should('be.visible').click();\ncy.get('.hmenu-visible').should('be.visible');",
              "err": {},
              "uuid": "a2ca03e7-4ebe-455a-b13b-13b170576d4d",
              "parentUUID": "3f1edad5-0f3f-46f0-9c3c-8d25b24ea916",
              "isHook": false,
              "skipped": false
            },
            {
              "title": "Should search for a product and display results",
              "fullTitle": "Mobile E-commerce Tests Should search for a product and display results",
              "timedOut": null,
              "duration": 7367,
              "state": "passed",
              "speed": "medium",
              "pass": true,
              "fail": false,
              "pending": false,
              "context": null,
              "code": "cy.visitAndCheck('/', '#nav-search-bar-form');\ncy.get('#nav-search-bar-form').should('be.visible');\ncy.get('#twotabsearchtextbox').type('laptop{enter}');\ncy.get('.s-main-slot .s-result-item').should('have.length.at.least', 1);",
              "err": {},
              "uuid": "d37dade0-9f14-4a4c-846e-beddede9d30a",
              "parentUUID": "3f1edad5-0f3f-46f0-9c3c-8d25b24ea916",
              "isHook": false,
              "skipped": false
            },
            {
              "title": "Should add an item to the cart and verify",
              "fullTitle": "Mobile E-commerce Tests Should add an item to the cart and verify",
              "timedOut": null,
              "duration": 9982,
              "state": "failed",
              "speed": null,
              "pass": false,
              "fail": true,
              "pending": false,
              "context": null,
              "code": "cy.visitAndCheck('/', '#twotabsearchtextbox');\ncy.get('#twotabsearchtextbox').type('laptop{enter}');\ncy.get('.s-main-slot .s-result-item[data-component-type=\"s-search-result\"]').first().find('h2 a').click();\ncy.get('#add-to-cart-button').should('be.visible').click();\ncy.get('#nav-cart-count').should('contain', '1');",
              "err": {
                "message": "CypressError: Timed out retrying after 4050ms: `cy.click()` failed because the center of this element is hidden from view:\n\n`<a class=\"a-link-normal s-underline-text s-underline-link-text s-link-style a-text-normal\" href=\"/sspa/click?ie=UTF8&amp;spc=MTo1NzQxNTk4NDk2MzA3MzM4OjE3MjM4Mzg5MjI6c3BfYXRmOjMwMDIyNzI5ODEwMTgwMjo6MDo6&amp;url=%2FZENAERO-Display%25E4%25B8%25A83xUSB-A%25E4%25B8%25A8RJ45%25E4%25B8%25A8HD-Port%25E4%25B8%25A8Wi-Fi-Notebook%2Fdp%2FB0D4D4V9F4%2Fref%3Dsr_1_1_sspa%3Fdib%3DeyJ2IjoiMSJ9.Ef3cTzp_kzHmqBNY60JHj--k0__0ALWwezBoPyugPX_OJ9yJ-hmBSERBzd0lmgoSGvh-CL__PD8ZO45mCtQNtWxsAlWTwLLx2k19ClU5yeEU2GP7oZ-I5qOvrRbAG8KBNgly4CMf-d4Ljyj8C0Nb0zHkxNHVdlCFGS4y5H82stnAzTrfpUtdEUJDHRN1KrsOehW0ZdZ2gFG6F7sg8uGEH69OMDCzYMtRzMDu71Yzuv4.SteWDnTCjH9hsk3oCkLgc1bJa3RuT8rxaTMk2btPWxA%26dib_tag%3Dse%26keywords%3Dlaptop%26qid%3D1723838922%26sr%3D8-1-spons%26sp_csd%3Dd2lkZ2V0TmFtZT1zcF9hdGY%26psc%3D1\">...</a>`\n\nFix this problem, or use `{force: true}` to disable error checking.\n\nhttps://on.cypress.io/element-cannot-be-interacted-with",
                "estack": "CypressError: Timed out retrying after 4050ms: `cy.click()` failed because the center of this element is hidden from view:\n\n`<a class=\"a-link-normal s-underline-text s-underline-link-text s-link-style a-text-normal\" href=\"/sspa/click?ie=UTF8&amp;spc=MTo1NzQxNTk4NDk2MzA3MzM4OjE3MjM4Mzg5MjI6c3BfYXRmOjMwMDIyNzI5ODEwMTgwMjo6MDo6&amp;url=%2FZENAERO-Display%25E4%25B8%25A83xUSB-A%25E4%25B8%25A8RJ45%25E4%25B8%25A8HD-Port%25E4%25B8%25A8Wi-Fi-Notebook%2Fdp%2FB0D4D4V9F4%2Fref%3Dsr_1_1_sspa%3Fdib%3DeyJ2IjoiMSJ9.Ef3cTzp_kzHmqBNY60JHj--k0__0ALWwezBoPyugPX_OJ9yJ-hmBSERBzd0lmgoSGvh-CL__PD8ZO45mCtQNtWxsAlWTwLLx2k19ClU5yeEU2GP7oZ-I5qOvrRbAG8KBNgly4CMf-d4Ljyj8C0Nb0zHkxNHVdlCFGS4y5H82stnAzTrfpUtdEUJDHRN1KrsOehW0ZdZ2gFG6F7sg8uGEH69OMDCzYMtRzMDu71Yzuv4.SteWDnTCjH9hsk3oCkLgc1bJa3RuT8rxaTMk2btPWxA%26dib_tag%3Dse%26keywords%3Dlaptop%26qid%3D1723838922%26sr%3D8-1-spons%26sp_csd%3Dd2lkZ2V0TmFtZT1zcF9hdGY%26psc%3D1\">...</a>`\n\nFix this problem, or use `{force: true}` to disable error checking.\n\nhttps://on.cypress.io/element-cannot-be-interacted-with\n    at ensureIsDescendent (https://www.amazon.com/__cypress/runner/cypress_runner.js:112867:66)\n    at ensureDescendents (https://www.amazon.com/__cypress/runner/cypress_runner.js:112903:5)\n    at possiblyScrollMultipleTimes (https://www.amazon.com/__cypress/runner/cypress_runner.js:113010:22)\n    at scrollContainers (https://www.amazon.com/__cypress/runner/cypress_runner.js:113032:16)\n    at ensureDescendentsAndScroll (https://www.amazon.com/__cypress/runner/cypress_runner.js:113036:14)\n    at ensureElIsNotCovered (https://www.amazon.com/__cypress/runner/cypress_runner.js:113040:5)\n    at runAllChecks (https://www.amazon.com/__cypress/runner/cypress_runner.js:113239:52)\n    at retryActionability (https://www.amazon.com/__cypress/runner/cypress_runner.js:113276:16)\n    at tryCatcher (https://www.amazon.com/__cypress/runner/cypress_runner.js:1807:23)\n    at Promise.attempt.Promise.try (https://www.amazon.com/__cypress/runner/cypress_runner.js:4315:29)\n    at whenStable (https://www.amazon.com/__cypress/runner/cypress_runner.js:144061:68)\n    at <unknown> (https://www.amazon.com/__cypress/runner/cypress_runner.js:144002:14)\n    at tryCatcher (https://www.amazon.com/__cypress/runner/cypress_runner.js:1807:23)\n    at Promise._settlePromiseFromHandler (https://www.amazon.com/__cypress/runner/cypress_runner.js:1519:31)\n    at Promise._settlePromise (https://www.amazon.com/__cypress/runner/cypress_runner.js:1576:18)\n    at Promise._settlePromise0 (https://www.amazon.com/__cypress/runner/cypress_runner.js:1621:10)\n    at Promise._settlePromises (https://www.amazon.com/__cypress/runner/cypress_runner.js:1701:18)\n    at Promise._fulfill (https://www.amazon.com/__cypress/runner/cypress_runner.js:1645:18)\n    at <unknown> (https://www.amazon.com/__cypress/runner/cypress_runner.js:5450:46)\nFrom Your Spec Code:\n    at Context.eval (webpack://cypress-amazon-testing/./cypress/integration/mobile_tests.spec.js:30:104)",
                "diff": null
              },
              "uuid": "c8b106e7-d1c0-461e-85e1-a0e740cd4e73",
              "parentUUID": "3f1edad5-0f3f-46f0-9c3c-8d25b24ea916",
              "isHook": false,
              "skipped": false
            }
          ],
          "suites": [],
          "passes": [
            "a2ca03e7-4ebe-455a-b13b-13b170576d4d",
            "d37dade0-9f14-4a4c-846e-beddede9d30a"
          ],
          "failures": [
            "c8b106e7-d1c0-461e-85e1-a0e740cd4e73"
          ],
          "pending": [],
          "skipped": [],
          "duration": 20980,
          "root": false,
          "rootEmpty": false,
          "_timeout": 2000
        }
      ],
      "passes": [],
      "failures": [],
      "pending": [],
      "skipped": [],
      "duration": 0,
      "root": true,
      "rootEmpty": true,
      "_timeout": 2000
    }
  ],
  "meta": {
    "mocha": {
      "version": "7.0.1"
    },
    "mochawesome": {
      "options": {
        "quiet": false,
        "reportFilename": "report",
        "saveHtml": true,
        "saveJson": true,
        "consoleReporter": "spec",
        "useInlineDiffs": false,
        "code": true
      },
      "version": "7.1.3"
    },
    "marge": {
      "options": {
        "reportDir": "cypress/reports",
        "reportFilename": "report",
        "timestamp": "yyyy-mm-dd-HH-MM-ss"
      },
      "version": "6.2.0"
    }
  }
}