{
  "stats": {
    "suites": 1,
    "tests": 3,
    "passes": 3,
    "pending": 0,
    "failures": 0,
    "start": "2024-08-16T20:11:13.946Z",
    "end": "2024-08-16T20:11:40.244Z",
    "duration": 26298,
    "testsRegistered": 3,
    "passPercent": 100,
    "pendingPercent": 0,
    "other": 0,
    "hasOther": false,
    "skipped": 0,
    "hasSkipped": false
  },
  "results": [
    {
      "uuid": "ab0735f6-1d3b-4a60-aa19-fde01507d7a9",
      "title": "",
      "fullFile": "cypress\\integration\\amazon_spec.js",
      "file": "cypress\\integration\\amazon_spec.js",
      "beforeHooks": [],
      "afterHooks": [],
      "tests": [],
      "suites": [
        {
          "uuid": "779c7563-5de8-42a3-83f9-cb8a29519568",
          "title": "Amazon Ecommerce Tests",
          "fullFile": "",
          "file": "",
          "beforeHooks": [],
          "afterHooks": [],
          "tests": [
            {
              "title": "Should search for a product and display relevant results",
              "fullTitle": "Amazon Ecommerce Tests Should search for a product and display relevant results",
              "timedOut": null,
              "duration": 7119,
              "state": "passed",
              "speed": "medium",
              "pass": true,
              "fail": false,
              "pending": false,
              "context": null,
              "code": "// utilizo `visitAndCheck` para asegura que se acceda al dominio correcto, debido a redirecciones dinámicas por geolocalización de Amazon.\ncy.visitAndCheck('/', '#twotabsearchtextbox');\ncy.get('#twotabsearchtextbox').type('Laptop{enter}');\ncy.url().should('include', 'k=Laptop');\ncy.get('.s-main-slot').should('contain', 'Laptop');",
              "err": {},
              "uuid": "13e1ae57-b88c-4f88-b280-487679888eda",
              "parentUUID": "779c7563-5de8-42a3-83f9-cb8a29519568",
              "isHook": false,
              "skipped": false
            },
            {
              "title": "Should sort search results by price from high to low",
              "fullTitle": "Amazon Ecommerce Tests Should sort search results by price from high to low",
              "timedOut": null,
              "duration": 4478,
              "state": "passed",
              "speed": "fast",
              "pass": true,
              "fail": false,
              "pending": false,
              "context": null,
              "code": "// Utilizo `visitAndCheck` para asegura que se acceda al dominio correcto, debido a redirecciones dinámicas por geolocalización de Amazon.\ncy.visitAndCheck('https://www.amazon.com/s?k=Laptop', '.a-dropdown-prompt');\ncy.get('.a-dropdown-prompt').click();\ncy.get('.a-dropdown-item').contains('Price: High to Low').click();\n// Verificar que la URL se actualiza correctamente para reflejar el orden de precio de mayor a menor\ncy.url().should('include', 's=price-desc-rank');",
              "err": {},
              "uuid": "ecaa93d0-b184-498f-89ff-1dd144c01676",
              "parentUUID": "779c7563-5de8-42a3-83f9-cb8a29519568",
              "isHook": false,
              "skipped": false
            },
            {
              "title": "Should add a product to the cart",
              "fullTitle": "Amazon Ecommerce Tests Should add a product to the cart",
              "timedOut": null,
              "duration": 14174,
              "state": "passed",
              "speed": "slow",
              "pass": true,
              "fail": false,
              "pending": false,
              "context": null,
              "code": "// Utilizo `visitAndCheck` para asegura que se acceda al dominio correcto, debido a redirecciones dinámicas por geolocalización de Amazon.\ncy.visitAndCheck('https://www.amazon.com/s?k=Laptop', '.s-main-slot .s-result-item[data-component-type=\"s-search-result\"]');\n// Seleccionar el primer producto\ncy.get('.s-main-slot .s-result-item[data-component-type=\"s-search-result\"]').first().find('h2 a').click();\ncy.get('#add-to-cart-button').click();\ncy.get('#nav-cart-count').should('contain', '1');",
              "err": {},
              "uuid": "b92faf22-f31d-4e33-8254-82db30c75fb3",
              "parentUUID": "779c7563-5de8-42a3-83f9-cb8a29519568",
              "isHook": false,
              "skipped": false
            }
          ],
          "suites": [],
          "passes": [
            "13e1ae57-b88c-4f88-b280-487679888eda",
            "ecaa93d0-b184-498f-89ff-1dd144c01676",
            "b92faf22-f31d-4e33-8254-82db30c75fb3"
          ],
          "failures": [],
          "pending": [],
          "skipped": [],
          "duration": 25771,
          "root": false,
          "rootEmpty": false,
          "_timeout": 2000
        }
      ],
      "passes": [],
      "failures": [],
      "pending": [],
      "skipped": [],
      "duration": 0,
      "root": true,
      "rootEmpty": true,
      "_timeout": 2000
    }
  ],
  "meta": {
    "mocha": {
      "version": "7.0.1"
    },
    "mochawesome": {
      "options": {
        "quiet": false,
        "reportFilename": "report",
        "saveHtml": true,
        "saveJson": true,
        "consoleReporter": "spec",
        "useInlineDiffs": false,
        "code": true
      },
      "version": "7.1.3"
    },
    "marge": {
      "options": {
        "reportDir": "cypress/reports",
        "reportFilename": "report",
        "timestamp": "yyyy-mm-dd-HH-MM-ss"
      },
      "version": "6.2.0"
    }
  }
}