{
  "stats": {
    "suites": 1,
    "tests": 3,
    "passes": 3,
    "pending": 0,
    "failures": 0,
    "start": "2024-08-16T20:01:26.181Z",
    "end": "2024-08-16T20:01:54.487Z",
    "duration": 28306,
    "testsRegistered": 3,
    "passPercent": 100,
    "pendingPercent": 0,
    "other": 0,
    "hasOther": false,
    "skipped": 0,
    "hasSkipped": false
  },
  "results": [
    {
      "uuid": "0706f5fb-6171-4bb8-baee-70b16c9f9a8d",
      "title": "",
      "fullFile": "cypress\\integration\\amazon_spec.js",
      "file": "cypress\\integration\\amazon_spec.js",
      "beforeHooks": [],
      "afterHooks": [],
      "tests": [],
      "suites": [
        {
          "uuid": "1df1eb82-00c3-44e4-9779-9e00b7b7865a",
          "title": "Amazon Ecommerce Tests",
          "fullFile": "",
          "file": "",
          "beforeHooks": [],
          "afterHooks": [],
          "tests": [
            {
              "title": "Should search for a product and display relevant results",
              "fullTitle": "Amazon Ecommerce Tests Should search for a product and display relevant results",
              "timedOut": null,
              "duration": 7454,
              "state": "passed",
              "speed": "medium",
              "pass": true,
              "fail": false,
              "pending": false,
              "context": null,
              "code": "// utilizo `visitAndCheck` para asegura que se acceda al dominio correcto, debido a redirecciones dinámicas por geolocalización de Amazon.\ncy.visitAndCheck('/', '#twotabsearchtextbox');\ncy.get('#twotabsearchtextbox').type('Laptop{enter}');\ncy.url().should('include', 'k=Laptop');\ncy.get('.s-main-slot').should('contain', 'Laptop');",
              "err": {},
              "uuid": "d531308e-fe1b-47dd-be0c-5567e4b31e81",
              "parentUUID": "1df1eb82-00c3-44e4-9779-9e00b7b7865a",
              "isHook": false,
              "skipped": false
            },
            {
              "title": "Should sort search results by price from high to low",
              "fullTitle": "Amazon Ecommerce Tests Should sort search results by price from high to low",
              "timedOut": null,
              "duration": 5697,
              "state": "passed",
              "speed": "medium",
              "pass": true,
              "fail": false,
              "pending": false,
              "context": null,
              "code": "// Utilizo `visitAndCheck` para asegura que se acceda al dominio correcto, debido a redirecciones dinámicas por geolocalización de Amazon.\ncy.visitAndCheck('https://www.amazon.com/s?k=Laptop', '.a-dropdown-prompt');\ncy.get('.a-dropdown-prompt').click();\ncy.get('.a-dropdown-item').contains('Price: High to Low').click();\n// Verificar que la URL se actualiza correctamente para reflejar el orden de precio de mayor a menor\ncy.url().should('include', 's=price-desc-rank');",
              "err": {},
              "uuid": "d5a0fde7-f1b4-4931-bba1-590b4fd645f5",
              "parentUUID": "1df1eb82-00c3-44e4-9779-9e00b7b7865a",
              "isHook": false,
              "skipped": false
            },
            {
              "title": "Should add a product to the cart",
              "fullTitle": "Amazon Ecommerce Tests Should add a product to the cart",
              "timedOut": null,
              "duration": 14751,
              "state": "passed",
              "speed": "slow",
              "pass": true,
              "fail": false,
              "pending": false,
              "context": null,
              "code": "// Utilizo `visitAndCheck` para asegura que se acceda al dominio correcto, debido a redirecciones dinámicas por geolocalización de Amazon.\ncy.visitAndCheck('https://www.amazon.com/s?k=Laptop', '.s-main-slot .s-result-item[data-component-type=\"s-search-result\"]');\n// Seleccionar el primer producto\ncy.get('.s-main-slot .s-result-item[data-component-type=\"s-search-result\"]').first().find('h2 a').click();\ncy.get('#add-to-cart-button').click();\ncy.get('#nav-cart-count').should('contain', '1');",
              "err": {},
              "uuid": "ed25eb72-41e2-48f6-a7be-21aef87d1ab8",
              "parentUUID": "1df1eb82-00c3-44e4-9779-9e00b7b7865a",
              "isHook": false,
              "skipped": false
            }
          ],
          "suites": [],
          "passes": [
            "d531308e-fe1b-47dd-be0c-5567e4b31e81",
            "d5a0fde7-f1b4-4931-bba1-590b4fd645f5",
            "ed25eb72-41e2-48f6-a7be-21aef87d1ab8"
          ],
          "failures": [],
          "pending": [],
          "skipped": [],
          "duration": 27902,
          "root": false,
          "rootEmpty": false,
          "_timeout": 2000
        }
      ],
      "passes": [],
      "failures": [],
      "pending": [],
      "skipped": [],
      "duration": 0,
      "root": true,
      "rootEmpty": true,
      "_timeout": 2000
    }
  ],
  "meta": {
    "mocha": {
      "version": "7.0.1"
    },
    "mochawesome": {
      "options": {
        "quiet": false,
        "reportFilename": "report",
        "saveHtml": true,
        "saveJson": true,
        "consoleReporter": "spec",
        "useInlineDiffs": false,
        "code": true
      },
      "version": "7.1.3"
    },
    "marge": {
      "options": {
        "reportDir": "cypress/reports",
        "reportFilename": "report",
        "timestamp": "yyyy-mm-dd-HH-MM-ss"
      },
      "version": "6.2.0"
    }
  }
}