{
  "stats": {
    "suites": 1,
    "tests": 3,
    "passes": 2,
    "pending": 0,
    "failures": 1,
    "start": "2024-08-16T20:11:42.754Z",
    "end": "2024-08-16T20:12:26.418Z",
    "duration": 43664,
    "testsRegistered": 3,
    "passPercent": 66.66666666666666,
    "pendingPercent": 0,
    "other": 0,
    "hasOther": false,
    "skipped": 0,
    "hasSkipped": false
  },
  "results": [
    {
      "uuid": "13968456-1443-4332-9949-7f22942606e4",
      "title": "",
      "fullFile": "cypress\\integration\\mobile_tests.spec.js",
      "file": "cypress\\integration\\mobile_tests.spec.js",
      "beforeHooks": [],
      "afterHooks": [],
      "tests": [],
      "suites": [
        {
          "uuid": "26c7a5dc-d6b9-4a65-a9db-d825e5cd17f3",
          "title": "Mobile E-commerce Tests",
          "fullFile": "",
          "file": "",
          "beforeHooks": [],
          "afterHooks": [],
          "tests": [
            {
              "title": "Should display the mobile navigation bar and open menu",
              "fullTitle": "Mobile E-commerce Tests Should display the mobile navigation bar and open menu",
              "timedOut": null,
              "duration": 12278,
              "state": "failed",
              "speed": null,
              "pass": false,
              "fail": true,
              "pending": false,
              "context": null,
              "code": "cy.visitAndCheck('/', '#nav-hamburger-menu');\ncy.get('#nav-hamburger-menu').should('be.visible').click();\ncy.get('.hmenu-visible').should('be.visible');",
              "err": {
                "message": "AssertionError: Timed out retrying after 10000ms: Expected to find element: `#nav-hamburger-menu`, but never found it.",
                "estack": "AssertionError: Timed out retrying after 10000ms: Expected to find element: `#nav-hamburger-menu`, but never found it.\n    at Context.eval (webpack://cypress-amazon-testing/./cypress/support/commands.js:10:47)",
                "diff": null
              },
              "uuid": "b2583916-6de1-4637-bc80-70ba9bfc4047",
              "parentUUID": "26c7a5dc-d6b9-4a65-a9db-d825e5cd17f3",
              "isHook": false,
              "skipped": false
            },
            {
              "title": "Should search for a product and display results",
              "fullTitle": "Mobile E-commerce Tests Should search for a product and display results",
              "timedOut": null,
              "duration": 8229,
              "state": "passed",
              "speed": "medium",
              "pass": true,
              "fail": false,
              "pending": false,
              "context": null,
              "code": "cy.visitAndCheck('/', '#nav-search-bar-form');\ncy.get('#nav-search-bar-form').should('be.visible');\ncy.get('#twotabsearchtextbox').type('laptop{enter}');\ncy.get('.s-main-slot .s-result-item').should('have.length.at.least', 1);",
              "err": {},
              "uuid": "a658d478-abce-4c3b-bcda-c6f4bafec051",
              "parentUUID": "26c7a5dc-d6b9-4a65-a9db-d825e5cd17f3",
              "isHook": false,
              "skipped": false
            },
            {
              "title": "Should add an item to the cart and verify",
              "fullTitle": "Mobile E-commerce Tests Should add an item to the cart and verify",
              "timedOut": null,
              "duration": 22240,
              "state": "passed",
              "speed": "slow",
              "pass": true,
              "fail": false,
              "pending": false,
              "context": null,
              "code": "cy.visitAndCheck('/', '#twotabsearchtextbox');\ncy.get('#twotabsearchtextbox').type('laptop{enter}');\ncy.get('.s-main-slot .s-result-item[data-component-type=\"s-search-result\"]').first().find('h2 a').click();\ncy.get('#add-to-cart-button').should('be.visible').click();\ncy.get('#nav-cart-count').should('contain', '1');",
              "err": {},
              "uuid": "c6fc16fb-f7b3-437e-9a83-53f1e7976c0d",
              "parentUUID": "26c7a5dc-d6b9-4a65-a9db-d825e5cd17f3",
              "isHook": false,
              "skipped": false
            }
          ],
          "suites": [],
          "passes": [
            "a658d478-abce-4c3b-bcda-c6f4bafec051",
            "c6fc16fb-f7b3-437e-9a83-53f1e7976c0d"
          ],
          "failures": [
            "b2583916-6de1-4637-bc80-70ba9bfc4047"
          ],
          "pending": [],
          "skipped": [],
          "duration": 42747,
          "root": false,
          "rootEmpty": false,
          "_timeout": 2000
        }
      ],
      "passes": [],
      "failures": [],
      "pending": [],
      "skipped": [],
      "duration": 0,
      "root": true,
      "rootEmpty": true,
      "_timeout": 2000
    }
  ],
  "meta": {
    "mocha": {
      "version": "7.0.1"
    },
    "mochawesome": {
      "options": {
        "quiet": false,
        "reportFilename": "report",
        "saveHtml": true,
        "saveJson": true,
        "consoleReporter": "spec",
        "useInlineDiffs": false,
        "code": true
      },
      "version": "7.1.3"
    },
    "marge": {
      "options": {
        "reportDir": "cypress/reports",
        "reportFilename": "report",
        "timestamp": "yyyy-mm-dd-HH-MM-ss"
      },
      "version": "6.2.0"
    }
  }
}