{
  "stats": {
    "suites": 1,
    "tests": 3,
    "passes": 3,
    "pending": 0,
    "failures": 0,
    "start": "2024-08-16T20:06:50.766Z",
    "end": "2024-08-16T20:07:14.074Z",
    "duration": 23308,
    "testsRegistered": 3,
    "passPercent": 100,
    "pendingPercent": 0,
    "other": 0,
    "hasOther": false,
    "skipped": 0,
    "hasSkipped": false
  },
  "results": [
    {
      "uuid": "74f43a14-d20d-4e20-b64d-33494286da0b",
      "title": "",
      "fullFile": "cypress\\integration\\amazon_spec.js",
      "file": "cypress\\integration\\amazon_spec.js",
      "beforeHooks": [],
      "afterHooks": [],
      "tests": [],
      "suites": [
        {
          "uuid": "8fc2de4c-7e8c-4237-ad6e-945fe3d9859e",
          "title": "Amazon Ecommerce Tests",
          "fullFile": "",
          "file": "",
          "beforeHooks": [],
          "afterHooks": [],
          "tests": [
            {
              "title": "Should search for a product and display relevant results",
              "fullTitle": "Amazon Ecommerce Tests Should search for a product and display relevant results",
              "timedOut": null,
              "duration": 7309,
              "state": "passed",
              "speed": "medium",
              "pass": true,
              "fail": false,
              "pending": false,
              "context": null,
              "code": "// utilizo `visitAndCheck` para asegura que se acceda al dominio correcto, debido a redirecciones dinámicas por geolocalización de Amazon.\ncy.visitAndCheck('/', '#twotabsearchtextbox');\ncy.get('#twotabsearchtextbox').type('Laptop{enter}');\ncy.url().should('include', 'k=Laptop');\ncy.get('.s-main-slot').should('contain', 'Laptop');",
              "err": {},
              "uuid": "4be903e7-e562-4285-b795-2c778f8e946f",
              "parentUUID": "8fc2de4c-7e8c-4237-ad6e-945fe3d9859e",
              "isHook": false,
              "skipped": false
            },
            {
              "title": "Should sort search results by price from high to low",
              "fullTitle": "Amazon Ecommerce Tests Should sort search results by price from high to low",
              "timedOut": null,
              "duration": 4035,
              "state": "passed",
              "speed": "fast",
              "pass": true,
              "fail": false,
              "pending": false,
              "context": null,
              "code": "// Utilizo `visitAndCheck` para asegura que se acceda al dominio correcto, debido a redirecciones dinámicas por geolocalización de Amazon.\ncy.visitAndCheck('https://www.amazon.com/s?k=Laptop', '.a-dropdown-prompt');\ncy.get('.a-dropdown-prompt').click();\ncy.get('.a-dropdown-item').contains('Price: High to Low').click();\n// Verificar que la URL se actualiza correctamente para reflejar el orden de precio de mayor a menor\ncy.url().should('include', 's=price-desc-rank');",
              "err": {},
              "uuid": "4f356e74-3f68-43b5-a381-8522d144e7f3",
              "parentUUID": "8fc2de4c-7e8c-4237-ad6e-945fe3d9859e",
              "isHook": false,
              "skipped": false
            },
            {
              "title": "Should add a product to the cart",
              "fullTitle": "Amazon Ecommerce Tests Should add a product to the cart",
              "timedOut": null,
              "duration": 11519,
              "state": "passed",
              "speed": "slow",
              "pass": true,
              "fail": false,
              "pending": false,
              "context": null,
              "code": "// Utilizo `visitAndCheck` para asegura que se acceda al dominio correcto, debido a redirecciones dinámicas por geolocalización de Amazon.\ncy.visitAndCheck('https://www.amazon.com/s?k=Laptop', '.s-main-slot .s-result-item[data-component-type=\"s-search-result\"]');\n// Seleccionar el primer producto\ncy.get('.s-main-slot .s-result-item[data-component-type=\"s-search-result\"]').first().find('h2 a').click();\ncy.get('#add-to-cart-button').click();\ncy.get('#nav-cart-count').should('contain', '1');",
              "err": {},
              "uuid": "c17925ce-6886-47ac-9614-7aaed64725e8",
              "parentUUID": "8fc2de4c-7e8c-4237-ad6e-945fe3d9859e",
              "isHook": false,
              "skipped": false
            }
          ],
          "suites": [],
          "passes": [
            "4be903e7-e562-4285-b795-2c778f8e946f",
            "4f356e74-3f68-43b5-a381-8522d144e7f3",
            "c17925ce-6886-47ac-9614-7aaed64725e8"
          ],
          "failures": [],
          "pending": [],
          "skipped": [],
          "duration": 22863,
          "root": false,
          "rootEmpty": false,
          "_timeout": 2000
        }
      ],
      "passes": [],
      "failures": [],
      "pending": [],
      "skipped": [],
      "duration": 0,
      "root": true,
      "rootEmpty": true,
      "_timeout": 2000
    }
  ],
  "meta": {
    "mocha": {
      "version": "7.0.1"
    },
    "mochawesome": {
      "options": {
        "quiet": false,
        "reportFilename": "report",
        "saveHtml": true,
        "saveJson": true,
        "consoleReporter": "spec",
        "useInlineDiffs": false,
        "code": true
      },
      "version": "7.1.3"
    },
    "marge": {
      "options": {
        "reportDir": "cypress/reports",
        "reportFilename": "report",
        "timestamp": "yyyy-mm-dd-HH-MM-ss"
      },
      "version": "6.2.0"
    }
  }
}