{
  "stats": {
    "suites": 1,
    "tests": 3,
    "passes": 2,
    "pending": 0,
    "failures": 1,
    "start": "2024-08-16T20:09:50.607Z",
    "end": "2024-08-16T20:10:23.488Z",
    "duration": 32881,
    "testsRegistered": 3,
    "passPercent": 66.66666666666666,
    "pendingPercent": 0,
    "other": 0,
    "hasOther": false,
    "skipped": 0,
    "hasSkipped": false
  },
  "results": [
    {
      "uuid": "6f41a1b7-150e-41b9-98b2-5f63a01c57db",
      "title": "",
      "fullFile": "cypress\\integration\\mobile_tests.spec.js",
      "file": "cypress\\integration\\mobile_tests.spec.js",
      "beforeHooks": [],
      "afterHooks": [],
      "tests": [],
      "suites": [
        {
          "uuid": "4de22358-99e4-4517-a863-76af56f2aec7",
          "title": "Mobile E-commerce Tests",
          "fullFile": "",
          "file": "",
          "beforeHooks": [],
          "afterHooks": [],
          "tests": [
            {
              "title": "Should display the mobile navigation bar and open menu",
              "fullTitle": "Mobile E-commerce Tests Should display the mobile navigation bar and open menu",
              "timedOut": null,
              "duration": 4089,
              "state": "passed",
              "speed": "fast",
              "pass": true,
              "fail": false,
              "pending": false,
              "context": null,
              "code": "cy.visitAndCheck('/', '#nav-hamburger-menu');\ncy.get('#nav-hamburger-menu').should('be.visible').click();\ncy.get('.hmenu-visible').should('be.visible');",
              "err": {},
              "uuid": "ed5590d2-a9eb-4f80-aea3-3a081ac7dc31",
              "parentUUID": "4de22358-99e4-4517-a863-76af56f2aec7",
              "isHook": false,
              "skipped": false
            },
            {
              "title": "Should search for a product and display results",
              "fullTitle": "Mobile E-commerce Tests Should search for a product and display results",
              "timedOut": null,
              "duration": 11778,
              "state": "failed",
              "speed": null,
              "pass": false,
              "fail": true,
              "pending": false,
              "context": null,
              "code": "cy.visitAndCheck('/', '#nav-search-bar-form');\ncy.get('#nav-search-bar-form').should('be.visible');\ncy.get('#twotabsearchtextbox').type('laptop{enter}');\ncy.get('.s-main-slot .s-result-item').should('have.length.at.least', 1);",
              "err": {
                "message": "AssertionError: Timed out retrying after 10000ms: Expected to find element: `#nav-search-bar-form`, but never found it.",
                "estack": "AssertionError: Timed out retrying after 10000ms: Expected to find element: `#nav-search-bar-form`, but never found it.\n    at Context.eval (webpack://cypress-amazon-testing/./cypress/support/commands.js:10:47)",
                "diff": null
              },
              "uuid": "fae067a1-10ae-49ea-9c92-1de91cb6a40b",
              "parentUUID": "4de22358-99e4-4517-a863-76af56f2aec7",
              "isHook": false,
              "skipped": false
            },
            {
              "title": "Should add an item to the cart and verify",
              "fullTitle": "Mobile E-commerce Tests Should add an item to the cart and verify",
              "timedOut": null,
              "duration": 16587,
              "state": "passed",
              "speed": "slow",
              "pass": true,
              "fail": false,
              "pending": false,
              "context": null,
              "code": "cy.visitAndCheck('/', '#twotabsearchtextbox');\ncy.get('#twotabsearchtextbox').type('laptop{enter}');\ncy.get('.s-main-slot .s-result-item[data-component-type=\"s-search-result\"]').first().find('h2 a').click();\ncy.get('#add-to-cart-button').should('be.visible').click();\ncy.get('#nav-cart-count').should('contain', '1');",
              "err": {},
              "uuid": "5751a894-1468-4188-92ce-30d4a41058c6",
              "parentUUID": "4de22358-99e4-4517-a863-76af56f2aec7",
              "isHook": false,
              "skipped": false
            }
          ],
          "suites": [],
          "passes": [
            "ed5590d2-a9eb-4f80-aea3-3a081ac7dc31",
            "5751a894-1468-4188-92ce-30d4a41058c6"
          ],
          "failures": [
            "fae067a1-10ae-49ea-9c92-1de91cb6a40b"
          ],
          "pending": [],
          "skipped": [],
          "duration": 32454,
          "root": false,
          "rootEmpty": false,
          "_timeout": 2000
        }
      ],
      "passes": [],
      "failures": [],
      "pending": [],
      "skipped": [],
      "duration": 0,
      "root": true,
      "rootEmpty": true,
      "_timeout": 2000
    }
  ],
  "meta": {
    "mocha": {
      "version": "7.0.1"
    },
    "mochawesome": {
      "options": {
        "quiet": false,
        "reportFilename": "report",
        "saveHtml": true,
        "saveJson": true,
        "consoleReporter": "spec",
        "useInlineDiffs": false,
        "code": true
      },
      "version": "7.1.3"
    },
    "marge": {
      "options": {
        "reportDir": "cypress/reports",
        "reportFilename": "report",
        "timestamp": "yyyy-mm-dd-HH-MM-ss"
      },
      "version": "6.2.0"
    }
  }
}