{
  "stats": {
    "suites": 1,
    "tests": 3,
    "passes": 2,
    "pending": 0,
    "failures": 1,
    "start": "2024-08-16T20:04:39.207Z",
    "end": "2024-08-16T20:05:02.692Z",
    "duration": 23485,
    "testsRegistered": 3,
    "passPercent": 66.66666666666666,
    "pendingPercent": 0,
    "other": 0,
    "hasOther": false,
    "skipped": 0,
    "hasSkipped": false
  },
  "results": [
    {
      "uuid": "ddf3795e-d81e-4ffe-bb39-018c3ff75174",
      "title": "",
      "fullFile": "cypress\\integration\\mobile_tests.spec.js",
      "file": "cypress\\integration\\mobile_tests.spec.js",
      "beforeHooks": [],
      "afterHooks": [],
      "tests": [],
      "suites": [
        {
          "uuid": "7e386d2b-4b6c-465f-962f-00bc634d13e4",
          "title": "Mobile E-commerce Tests",
          "fullFile": "",
          "file": "",
          "beforeHooks": [],
          "afterHooks": [],
          "tests": [
            {
              "title": "Should display the mobile navigation bar and open menu",
              "fullTitle": "Mobile E-commerce Tests Should display the mobile navigation bar and open menu",
              "timedOut": null,
              "duration": 4083,
              "state": "passed",
              "speed": "fast",
              "pass": true,
              "fail": false,
              "pending": false,
              "context": null,
              "code": "cy.visitAndCheck('/', '#nav-hamburger-menu');\ncy.get('#nav-hamburger-menu').should('be.visible').click();\ncy.get('.hmenu-visible').should('be.visible');",
              "err": {},
              "uuid": "c403b6e5-d555-43b8-97f1-c0fbee91f99f",
              "parentUUID": "7e386d2b-4b6c-465f-962f-00bc634d13e4",
              "isHook": false,
              "skipped": false
            },
            {
              "title": "Should search for a product and display results",
              "fullTitle": "Mobile E-commerce Tests Should search for a product and display results",
              "timedOut": null,
              "duration": 7382,
              "state": "passed",
              "speed": "medium",
              "pass": true,
              "fail": false,
              "pending": false,
              "context": null,
              "code": "cy.visitAndCheck('/', '#nav-search-bar-form');\ncy.get('#nav-search-bar-form').should('be.visible');\ncy.get('#twotabsearchtextbox').type('laptop{enter}');\ncy.get('.s-main-slot .s-result-item').should('have.length.at.least', 1);",
              "err": {},
              "uuid": "72b7b802-d234-429d-8fc9-9c110b63e7ec",
              "parentUUID": "7e386d2b-4b6c-465f-962f-00bc634d13e4",
              "isHook": false,
              "skipped": false
            },
            {
              "title": "Should add an item to the cart and verify",
              "fullTitle": "Mobile E-commerce Tests Should add an item to the cart and verify",
              "timedOut": null,
              "duration": 11763,
              "state": "failed",
              "speed": null,
              "pass": false,
              "fail": true,
              "pending": false,
              "context": null,
              "code": "cy.visitAndCheck('/', '#twotabsearchtextbox');\ncy.get('#twotabsearchtextbox').type('laptop{enter}');\ncy.get('.s-main-slot .s-result-item[data-component-type=\"s-search-result\"]').first().find('h2 a').click();\ncy.get('#add-to-cart-button').should('be.visible').click();\ncy.get('#nav-cart-count').should('contain', '1');",
              "err": {
                "message": "AssertionError: Timed out retrying after 10000ms: Expected to find element: `#twotabsearchtextbox`, but never found it.",
                "estack": "AssertionError: Timed out retrying after 10000ms: Expected to find element: `#twotabsearchtextbox`, but never found it.\n    at Context.eval (webpack://cypress-amazon-testing/./cypress/support/commands.js:10:47)",
                "diff": null
              },
              "uuid": "40a851ea-f2f6-4945-8b21-11e13e0c9ad3",
              "parentUUID": "7e386d2b-4b6c-465f-962f-00bc634d13e4",
              "isHook": false,
              "skipped": false
            }
          ],
          "suites": [],
          "passes": [
            "c403b6e5-d555-43b8-97f1-c0fbee91f99f",
            "72b7b802-d234-429d-8fc9-9c110b63e7ec"
          ],
          "failures": [
            "40a851ea-f2f6-4945-8b21-11e13e0c9ad3"
          ],
          "pending": [],
          "skipped": [],
          "duration": 23228,
          "root": false,
          "rootEmpty": false,
          "_timeout": 2000
        }
      ],
      "passes": [],
      "failures": [],
      "pending": [],
      "skipped": [],
      "duration": 0,
      "root": true,
      "rootEmpty": true,
      "_timeout": 2000
    }
  ],
  "meta": {
    "mocha": {
      "version": "7.0.1"
    },
    "mochawesome": {
      "options": {
        "quiet": false,
        "reportFilename": "report",
        "saveHtml": true,
        "saveJson": true,
        "consoleReporter": "spec",
        "useInlineDiffs": false,
        "code": true
      },
      "version": "7.1.3"
    },
    "marge": {
      "options": {
        "reportDir": "cypress/reports",
        "reportFilename": "report",
        "timestamp": "yyyy-mm-dd-HH-MM-ss"
      },
      "version": "6.2.0"
    }
  }
}